-------------------------------------------------------------------------------
Test set: seleniumtests.testrun.SeleniumTests
-------------------------------------------------------------------------------
Tests run: 1, Failures: 1, Errors: 0, Skipped: 0, Time elapsed: 8.673 s <<< FAILURE! - in seleniumtests.testrun.SeleniumTests
A scenario(Test Scenario)  Time elapsed: 6.247 s  <<< FAILURE!
java.lang.AssertionError: Test Failed

